========================================================================================
Report      : INFO
Date        : 2020-06-11T13:30:07-0300
Description : ---------------------------------------------------------------
              -- The service is using the following configuration settings --
              ---------------------------------------------------------------
              Domain (id)          : ospl_sp_ddsi (0)
              Storage              : 0 Kbytes
              Storage threshold    : 1024 Kbytes
              Storage address      : Not available
              Locking              : default
              Memory mode          : Heap memory
              Builtin topics       : true
              Priority inheritance : false
              SystemId             : 1729829942 from [1,2147483647]
Node        : rsf
Process     : java <24635>
Thread      : spliced 7fe9f0013700
Internals   : 6.9.190403OSS/bb590263/bb590263/The OpenSplice domain service/u_domain.c/785/0/1591893007.905394779/0
========================================================================================
Report      : INFO
Date        : 2020-06-11T13:30:07-0300
Description : Service cmsoap disabled
Node        : rsf
Process     : java <24635>
Thread      : spliced 7fe9f0013700
Internals   : 6.9.190403OSS/bb590263/bb590263/OpenSplice domain service/sr_componentInfo.c/446/0/1591893007.905613551/0
========================================================================================
Report      : INFO
Date        : 2020-06-11T13:30:07-0300
Description : ++++++++++++++++++++++++++++++++++++++++++++++++
              ++ The service 'splicedaemon' is now operational. 
              ++++++++++++++++++++++++++++++++++++++++++++++++
Node        : rsf
Process     : java <24635>
Thread      : spliced 7fe9f0013700
Internals   : 6.9.190403OSS/bb590263/bb590263/v_serviceChangeState/v_service.c/266/0/1591893007.905906790/0
========================================================================================
Report      : INFO
Date        : 2020-06-11T13:30:07-0300
Description : ++++++++++++++++++++++++++++++++++++++++++++++++
              ++ The service 'ddsi2' is now operational. 
              ++++++++++++++++++++++++++++++++++++++++++++++++
Node        : rsf
Process     : java <24635>
Thread      : ddsi2 7fe9e1ad3700
Internals   : 6.9.190403OSS/bb590263/bb590263/v_serviceChangeState/v_service.c/266/0/1591893007.910135791/0
========================================================================================
Report      : INFO
Date        : 2020-06-11T13:30:08-0300
Description : The durability service can be identified by ID: 1729829942
Node        : rsf
Process     : java <24635>
Thread      : durability 7fe9e1e77700
Internals   : 6.9.190403OSS/bb590263/bb590263/DurabilityService/d_durability.c/554/0/1591893008.223074825/0
========================================================================================
Report      : INFO
Date        : 2020-06-11T13:30:15-0300
Description : ================================================
              == The service 'ddsi2' has now terminated. 
              ================================================
Node        : rsf
Process     : java <24635>
Thread      : ddsi2 7fe9e1ad3700
Internals   : 6.9.190403OSS/bb590263/bb590263/v_serviceChangeState/v_service.c/273/0/1591893015.110350462/0
========================================================================================
Report      : INFO
Date        : 2020-06-11T13:30:17-0300
Description : ================================================
              == The service 'durability' has now terminated. 
              ================================================
Node        : rsf
Process     : java <24635>
Thread      : durability 7fe9e1e77700
Internals   : 6.9.190403OSS/bb590263/bb590263/v_serviceChangeState/v_service.c/273/0/1591893017.103966563/0
========================================================================================
Report      : INFO
Date        : 2020-06-11T13:30:17-0300
Description : ================================================
              == The service 'splicedaemon' has now terminated. 
              ================================================
Node        : rsf
Process     : java <24635>
Thread      : spliced 7fe9f0013700
Internals   : 6.9.190403OSS/bb590263/bb590263/v_serviceChangeState/v_service.c/273/0/1591893017.203260200/0
========================================================================================
Report      : INFO
Date        : 2020-06-11T13:30:17-0300
Description : Removed 9038 objects
Node        : rsf
Process     : java <24635>
Thread      : main thread 7fea27298700
Internals   : 6.9.190403OSS/bb590263/bb590263/Database close/c_base.c/3272/0/1591893017.305607711/0
========================================================================================
Report      : INFO
Date        : 2020-06-11T14:03:01-0300
Description : ---------------------------------------------------------------
              -- The service is using the following configuration settings --
              ---------------------------------------------------------------
              Domain (id)          : ospl_sp_ddsi (0)
              Storage              : 0 Kbytes
              Storage threshold    : 1024 Kbytes
              Storage address      : Not available
              Locking              : default
              Memory mode          : Heap memory
              Builtin topics       : true
              Priority inheritance : false
              SystemId             : 845571255 from [1,2147483647]
Node        : rsf
Process     : java <28090>
Thread      : spliced 7fea71349700
Internals   : 6.9.190403OSS/bb590263/bb590263/The OpenSplice domain service/u_domain.c/785/0/1591894981.104929765/0
========================================================================================
Report      : INFO
Date        : 2020-06-11T14:03:01-0300
Description : Service cmsoap disabled
Node        : rsf
Process     : java <28090>
Thread      : spliced 7fea71349700
Internals   : 6.9.190403OSS/bb590263/bb590263/OpenSplice domain service/sr_componentInfo.c/446/0/1591894981.105137608/0
========================================================================================
Report      : INFO
Date        : 2020-06-11T14:03:01-0300
Description : ++++++++++++++++++++++++++++++++++++++++++++++++
              ++ The service 'splicedaemon' is now operational. 
              ++++++++++++++++++++++++++++++++++++++++++++++++
Node        : rsf
Process     : java <28090>
Thread      : spliced 7fea71349700
Internals   : 6.9.190403OSS/bb590263/bb590263/v_serviceChangeState/v_service.c/266/0/1591894981.105468049/0
========================================================================================
Report      : INFO
Date        : 2020-06-11T14:03:01-0300
Description : ++++++++++++++++++++++++++++++++++++++++++++++++
              ++ The service 'ddsi2' is now operational. 
              ++++++++++++++++++++++++++++++++++++++++++++++++
Node        : rsf
Process     : java <28090>
Thread      : ddsi2 7fea704be700
Internals   : 6.9.190403OSS/bb590263/bb590263/v_serviceChangeState/v_service.c/266/0/1591894981.109916560/0
========================================================================================
Report      : INFO
Date        : 2020-06-11T14:03:01-0300
Description : The durability service can be identified by ID: 845571255
Node        : rsf
Process     : java <28090>
Thread      : durability 7fea70862700
Internals   : 6.9.190403OSS/bb590263/bb590263/DurabilityService/d_durability.c/554/0/1591894981.523565614/0
========================================================================================
Report      : INFO
Date        : 2020-06-11T14:03:11-0300
Description : ++++++++++++++++++++++++++++++++++++++++++++++++
              ++ The service 'durability' is now operational. 
              ++++++++++++++++++++++++++++++++++++++++++++++++
Node        : rsf
Process     : java <28090>
Thread      : conflictResolver 7fea70127700
Internals   : 6.9.190403OSS/bb590263/bb590263/v_serviceChangeState/v_service.c/266/0/1591894991.504881453/0
========================================================================================
Report      : INFO
Date        : 2020-06-11T14:04:26-0300
Description : ================================================
              == The service 'ddsi2' has now terminated. 
              ================================================
Node        : rsf
Process     : java <28090>
Thread      : ddsi2 7fea704be700
Internals   : 6.9.190403OSS/bb590263/bb590263/v_serviceChangeState/v_service.c/273/0/1591895066.021294180/0
========================================================================================
Report      : INFO
Date        : 2020-06-11T14:04:26-0300
Description : ================================================
              == The service 'durability' has now terminated. 
              ================================================
Node        : rsf
Process     : java <28090>
Thread      : durability 7fea70862700
Internals   : 6.9.190403OSS/bb590263/bb590263/v_serviceChangeState/v_service.c/273/0/1591895066.472774525/0
========================================================================================
Report      : INFO
Date        : 2020-06-11T14:04:26-0300
Description : ================================================
              == The service 'splicedaemon' has now terminated. 
              ================================================
Node        : rsf
Process     : java <28090>
Thread      : spliced 7fea71349700
Internals   : 6.9.190403OSS/bb590263/bb590263/v_serviceChangeState/v_service.c/273/0/1591895066.503569469/0
========================================================================================
Report      : INFO
Date        : 2020-06-11T14:04:26-0300
Description : Removed 10604 objects
Node        : rsf
Process     : java <28090>
Thread      : main thread 7fea9a211700
Internals   : 6.9.190403OSS/bb590263/bb590263/Database close/c_base.c/3272/0/1591895066.606434617/0
========================================================================================
Report      : INFO
Date        : 2020-06-11T14:08:42-0300
Description : ---------------------------------------------------------------
              -- The service is using the following configuration settings --
              ---------------------------------------------------------------
              Domain (id)          : ospl_sp_ddsi (0)
              Storage              : 0 Kbytes
              Storage threshold    : 1024 Kbytes
              Storage address      : Not available
              Locking              : default
              Memory mode          : Heap memory
              Builtin topics       : true
              Priority inheritance : false
              SystemId             : 319997052 from [1,2147483647]
Node        : rsf
Process     : java <29392>
Thread      : spliced 7fed0c018700
Internals   : 6.9.190403OSS/bb590263/bb590263/The OpenSplice domain service/u_domain.c/785/0/1591895322.210326057/0
========================================================================================
Report      : INFO
Date        : 2020-06-11T14:08:42-0300
Description : Service cmsoap disabled
Node        : rsf
Process     : java <29392>
Thread      : spliced 7fed0c018700
Internals   : 6.9.190403OSS/bb590263/bb590263/OpenSplice domain service/sr_componentInfo.c/446/0/1591895322.210565708/0
========================================================================================
Report      : INFO
Date        : 2020-06-11T14:08:42-0300
Description : ++++++++++++++++++++++++++++++++++++++++++++++++
              ++ The service 'splicedaemon' is now operational. 
              ++++++++++++++++++++++++++++++++++++++++++++++++
Node        : rsf
Process     : java <29392>
Thread      : spliced 7fed0c018700
Internals   : 6.9.190403OSS/bb590263/bb590263/v_serviceChangeState/v_service.c/266/0/1591895322.210851303/0
========================================================================================
Report      : INFO
Date        : 2020-06-11T14:08:42-0300
Description : ++++++++++++++++++++++++++++++++++++++++++++++++
              ++ The service 'ddsi2' is now operational. 
              ++++++++++++++++++++++++++++++++++++++++++++++++
Node        : rsf
Process     : java <29392>
Thread      : ddsi2 7fece82ec700
Internals   : 6.9.190403OSS/bb590263/bb590263/v_serviceChangeState/v_service.c/266/0/1591895322.216369277/0
========================================================================================
Report      : INFO
Date        : 2020-06-11T14:08:42-0300
Description : The durability service can be identified by ID: 319997052
Node        : rsf
Process     : java <29392>
Thread      : durability 7fed04146700
Internals   : 6.9.190403OSS/bb590263/bb590263/DurabilityService/d_durability.c/554/0/1591895322.521725304/0
========================================================================================
Report      : INFO
Date        : 2020-06-11T14:08:50-0300
Description : ++++++++++++++++++++++++++++++++++++++++++++++++
              ++ The service 'durability' is now operational. 
              ++++++++++++++++++++++++++++++++++++++++++++++++
Node        : rsf
Process     : java <29392>
Thread      : conflictResolver 7fec7ff99700
Internals   : 6.9.190403OSS/bb590263/bb590263/v_serviceChangeState/v_service.c/266/0/1591895330.210041200/0
========================================================================================
Report      : INFO
Date        : 2020-06-11T14:11:50-0300
Description : Missed heartbeat for node 1591913997. (DCPSPublication is complete)
Node        : rsf
Process     : java <29392>
Thread      : OSPL Garbage Collector 7fed049f6700
Internals   : 6.9.190403OSS/bb590263/bb590263/v_spliced/v_spliced.c/2062/769/1591895510.398414915/0
========================================================================================
Report      : INFO
Date        : 2020-06-11T14:13:54-0300
Description : ================================================
              == The service 'ddsi2' has now terminated. 
              ================================================
Node        : rsf
Process     : java <29392>
Thread      : ddsi2 7fece82ec700
Internals   : 6.9.190403OSS/bb590263/bb590263/v_serviceChangeState/v_service.c/273/0/1591895634.411957061/0
========================================================================================
Report      : INFO
Date        : 2020-06-11T14:13:55-0300
Description : ================================================
              == The service 'durability' has now terminated. 
              ================================================
Node        : rsf
Process     : java <29392>
Thread      : durability 7fed04146700
Internals   : 6.9.190403OSS/bb590263/bb590263/v_serviceChangeState/v_service.c/273/0/1591895635.586409526/0
========================================================================================
Report      : INFO
Date        : 2020-06-11T14:13:55-0300
Description : ================================================
              == The service 'splicedaemon' has now terminated. 
              ================================================
Node        : rsf
Process     : java <29392>
Thread      : spliced 7fed0c018700
Internals   : 6.9.190403OSS/bb590263/bb590263/v_serviceChangeState/v_service.c/273/0/1591895635.606660314/0
========================================================================================
Report      : INFO
Date        : 2020-06-11T14:13:55-0300
Description : Removed 9348 objects
Node        : rsf
Process     : java <29392>
Thread      : main thread 7fed25b00700
Internals   : 6.9.190403OSS/bb590263/bb590263/Database close/c_base.c/3272/0/1591895635.707750533/0
