========================================================================================
Report      : INFO
Date        : 2020-06-11T12:16:57-0300
Description : ---------------------------------------------------------------
              -- The service is using the following configuration settings --
              ---------------------------------------------------------------
              Domain (id)          : ospl_sp_ddsi (0)
              Storage              : 0 Kbytes
              Storage threshold    : 1024 Kbytes
              Storage address      : Not available
              Locking              : default
              Memory mode          : Heap memory
              Builtin topics       : true
              Priority inheritance : false
              SystemId             : 927145830 from [1,2147483647]
Node        : rsf
Process     : java <20745>
Thread      : spliced 7f80ac08a700
Internals   : 6.9.190403OSS/bb590263/bb590263/The OpenSplice domain service/u_domain.c/785/0/1591888617.731174893/0
========================================================================================
Report      : INFO
Date        : 2020-06-11T12:16:57-0300
Description : Service cmsoap disabled
Node        : rsf
Process     : java <20745>
Thread      : spliced 7f80ac08a700
Internals   : 6.9.190403OSS/bb590263/bb590263/OpenSplice domain service/sr_componentInfo.c/446/0/1591888617.731380258/0
========================================================================================
Report      : INFO
Date        : 2020-06-11T12:16:57-0300
Description : ++++++++++++++++++++++++++++++++++++++++++++++++
              ++ The service 'splicedaemon' is now operational. 
              ++++++++++++++++++++++++++++++++++++++++++++++++
Node        : rsf
Process     : java <20745>
Thread      : spliced 7f80ac08a700
Internals   : 6.9.190403OSS/bb590263/bb590263/v_serviceChangeState/v_service.c/266/0/1591888617.731718276/0
========================================================================================
Report      : INFO
Date        : 2020-06-11T12:16:57-0300
Description : ++++++++++++++++++++++++++++++++++++++++++++++++
              ++ The service 'ddsi2' is now operational. 
              ++++++++++++++++++++++++++++++++++++++++++++++++
Node        : rsf
Process     : java <20745>
Thread      : ddsi2 7f809d34c700
Internals   : 6.9.190403OSS/bb590263/bb590263/v_serviceChangeState/v_service.c/266/0/1591888617.736300626/0
========================================================================================
Report      : INFO
Date        : 2020-06-11T12:16:58-0300
Description : The durability service can be identified by ID: 927145830
Node        : rsf
Process     : java <20745>
Thread      : durability 7f809d6f0700
Internals   : 6.9.190403OSS/bb590263/bb590263/DurabilityService/d_durability.c/554/0/1591888618.148833485/0
========================================================================================
Report      : INFO
Date        : 2020-06-11T12:17:05-0300
Description : ++++++++++++++++++++++++++++++++++++++++++++++++
              ++ The service 'durability' is now operational. 
              ++++++++++++++++++++++++++++++++++++++++++++++++
Node        : rsf
Process     : java <20745>
Thread      : conflictResolver 7f809cff9700
Internals   : 6.9.190403OSS/bb590263/bb590263/v_serviceChangeState/v_service.c/266/0/1591888625.327575463/0
========================================================================================
Report      : INFO
Date        : 2020-06-11T14:02:55-0300
Description : ---------------------------------------------------------------
              -- The service is using the following configuration settings --
              ---------------------------------------------------------------
              Domain (id)          : ospl_sp_ddsi (0)
              Storage              : 0 Kbytes
              Storage threshold    : 1024 Kbytes
              Storage address      : Not available
              Locking              : default
              Memory mode          : Heap memory
              Builtin topics       : true
              Priority inheritance : false
              SystemId             : 1201450503 from [1,2147483647]
Node        : rsf
Process     : java <28002>
Thread      : spliced 7f5268011700
Internals   : 6.9.190403OSS/bb590263/bb590263/The OpenSplice domain service/u_domain.c/785/0/1591894975.407239473/0
========================================================================================
Report      : INFO
Date        : 2020-06-11T14:02:55-0300
Description : Service cmsoap disabled
Node        : rsf
Process     : java <28002>
Thread      : spliced 7f5268011700
Internals   : 6.9.190403OSS/bb590263/bb590263/OpenSplice domain service/sr_componentInfo.c/446/0/1591894975.407436443/0
========================================================================================
Report      : INFO
Date        : 2020-06-11T14:02:55-0300
Description : ++++++++++++++++++++++++++++++++++++++++++++++++
              ++ The service 'splicedaemon' is now operational. 
              ++++++++++++++++++++++++++++++++++++++++++++++++
Node        : rsf
Process     : java <28002>
Thread      : spliced 7f5268011700
Internals   : 6.9.190403OSS/bb590263/bb590263/v_serviceChangeState/v_service.c/266/0/1591894975.407793482/0
========================================================================================
Report      : INFO
Date        : 2020-06-11T14:02:55-0300
Description : ++++++++++++++++++++++++++++++++++++++++++++++++
              ++ The service 'ddsi2' is now operational. 
              ++++++++++++++++++++++++++++++++++++++++++++++++
Node        : rsf
Process     : java <28002>
Thread      : ddsi2 7f522ccc6700
Internals   : 6.9.190403OSS/bb590263/bb590263/v_serviceChangeState/v_service.c/266/0/1591894975.412216227/0
========================================================================================
Report      : INFO
Date        : 2020-06-11T14:02:55-0300
Description : The durability service can be identified by ID: 1201450503
Node        : rsf
Process     : java <28002>
Thread      : durability 7f522d06a700
Internals   : 6.9.190403OSS/bb590263/bb590263/DurabilityService/d_durability.c/554/0/1591894975.924537520/0
========================================================================================
Report      : INFO
Date        : 2020-06-11T14:03:09-0300
Description : ++++++++++++++++++++++++++++++++++++++++++++++++
              ++ The service 'durability' is now operational. 
              ++++++++++++++++++++++++++++++++++++++++++++++++
Node        : rsf
Process     : java <28002>
Thread      : conflictResolver 7f522c940700
Internals   : 6.9.190403OSS/bb590263/bb590263/v_serviceChangeState/v_service.c/266/0/1591894989.007422424/0
========================================================================================
Report      : INFO
Date        : 2020-06-11T14:04:28-0300
Description : Missed heartbeat for node 1300871683. (DCPSPublication is complete)
Node        : rsf
Process     : java <28002>
Thread      : OSPL Garbage Collector 7f522d909700
Internals   : 6.9.190403OSS/bb590263/bb590263/v_spliced/v_spliced.c/2062/769/1591895068.319209000/0
========================================================================================
Report      : INFO
Date        : 2020-06-11T14:04:37-0300
Description : Missed heartbeat for node 845571255. (DCPSPublication is complete)
Node        : rsf
Process     : java <28002>
Thread      : OSPL Garbage Collector 7f522d909700
Internals   : 6.9.190403OSS/bb590263/bb590263/v_spliced/v_spliced.c/2062/769/1591895077.043623501/0
========================================================================================
Report      : INFO
Date        : 2020-06-11T14:08:28-0300
Description : ---------------------------------------------------------------
              -- The service is using the following configuration settings --
              ---------------------------------------------------------------
              Domain (id)          : ospl_sp_ddsi (0)
              Storage              : 0 Kbytes
              Storage threshold    : 1024 Kbytes
              Storage address      : Not available
              Locking              : default
              Memory mode          : Heap memory
              Builtin topics       : true
              Priority inheritance : false
              SystemId             : 1547834589 from [1,2147483647]
Node        : rsf
Process     : java <29297>
Thread      : spliced 7f809404e700
Internals   : 6.9.190403OSS/bb590263/bb590263/The OpenSplice domain service/u_domain.c/785/0/1591895308.909962250/0
========================================================================================
Report      : INFO
Date        : 2020-06-11T14:08:28-0300
Description : Service cmsoap disabled
Node        : rsf
Process     : java <29297>
Thread      : spliced 7f809404e700
Internals   : 6.9.190403OSS/bb590263/bb590263/OpenSplice domain service/sr_componentInfo.c/446/0/1591895308.910156467/0
========================================================================================
Report      : INFO
Date        : 2020-06-11T14:08:28-0300
Description : ++++++++++++++++++++++++++++++++++++++++++++++++
              ++ The service 'splicedaemon' is now operational. 
              ++++++++++++++++++++++++++++++++++++++++++++++++
Node        : rsf
Process     : java <29297>
Thread      : spliced 7f809404e700
Internals   : 6.9.190403OSS/bb590263/bb590263/v_serviceChangeState/v_service.c/266/0/1591895308.910520515/0
========================================================================================
Report      : INFO
Date        : 2020-06-11T14:08:28-0300
Description : ++++++++++++++++++++++++++++++++++++++++++++++++
              ++ The service 'ddsi2' is now operational. 
              ++++++++++++++++++++++++++++++++++++++++++++++++
Node        : rsf
Process     : java <29297>
Thread      : ddsi2 7f800b759700
Internals   : 6.9.190403OSS/bb590263/bb590263/v_serviceChangeState/v_service.c/266/0/1591895308.915093625/0
========================================================================================
Report      : INFO
Date        : 2020-06-11T14:08:29-0300
Description : The durability service can be identified by ID: 1547834589
Node        : rsf
Process     : java <29297>
Thread      : durability 7f800bafd700
Internals   : 6.9.190403OSS/bb590263/bb590263/DurabilityService/d_durability.c/554/0/1591895309.118561561/0
========================================================================================
Report      : INFO
Date        : 2020-06-11T14:08:36-0300
Description : ++++++++++++++++++++++++++++++++++++++++++++++++
              ++ The service 'durability' is now operational. 
              ++++++++++++++++++++++++++++++++++++++++++++++++
Node        : rsf
Process     : java <29297>
Thread      : conflictResolver 7f800b406700
Internals   : 6.9.190403OSS/bb590263/bb590263/v_serviceChangeState/v_service.c/266/0/1591895316.308006393/0
========================================================================================
Report      : INFO
Date        : 2020-06-11T14:11:50-0300
Description : Missed heartbeat for node 1591913997. (DCPSPublication is complete)
Node        : rsf
Process     : java <29297>
Thread      : OSPL Garbage Collector 7f80683ef700
Internals   : 6.9.190403OSS/bb590263/bb590263/v_spliced/v_spliced.c/2062/769/1591895510.724607689/0
========================================================================================
Report      : INFO
Date        : 2020-06-11T14:14:05-0300
Description : Missed heartbeat for node 319997052. (DCPSPublication is complete)
Node        : rsf
Process     : java <29297>
Thread      : OSPL Garbage Collector 7f80683ef700
Internals   : 6.9.190403OSS/bb590263/bb590263/v_spliced/v_spliced.c/2062/769/1591895645.439002095/0
========================================================================================
Report      : INFO
Date        : 2020-06-11T14:14:09-0300
Description : Missed heartbeat for node 1934590140. (DCPSPublication is complete)
Node        : rsf
Process     : java <29297>
Thread      : OSPL Garbage Collector 7f80683ef700
Internals   : 6.9.190403OSS/bb590263/bb590263/v_spliced/v_spliced.c/2062/769/1591895649.338456655/0
